<?xml version="1.0" encoding="UTF-8"?>
<!-- Generated by org.testng.reporters.JUnitReportReporter -->
<testsuite hostname="emb-ban-149" name="TestCases.BaseClass" tests="2" failures="0" timestamp="15 Feb 2018 11:22:18 GMT" time="7.953" errors="0">
  <testcase name="quitBrowser" time="1.237" classname="TestCases.BaseClass"/>
  <testcase name="launchBrowser" time="6.716" classname="TestCases.BaseClass"/>
</testsuite> <!-- TestCases.BaseClass -->
