<?xml version="1.0" encoding="UTF-8"?>
<!-- Generated by org.testng.reporters.JUnitReportReporter -->
<testsuite hostname="emb-ban-149" name="TestCases.HomePageTC" tests="2" failures="0" timestamp="26 Feb 2018 13:16:27 GMT" time="10.859" errors="0">
  <testcase name="verifydelvrservicable" time="5.371" classname="TestCases.HomePageTC"/>
  <testcase name="verifyUIforDP" time="5.488" classname="TestCases.HomePageTC"/>
</testsuite> <!-- TestCases.HomePageTC -->
